# JRE version: OpenJDK Runtime Environment (11.0.8+10) (build 11.0.8+10-b944.6842174)
# Java VM: OpenJDK 64-Bit Server VM (11.0.8+10-b944.6842174, mixed mode, tiered, compressed oops, g1 gc, windows-amd64)
Heap:
 garbage-first heap   total 335872K, used 176274K [0x0000000080000000, 0x0000000100000000)
  region size 1024K, 51 young (52224K), 7 survivors (7168K)
 Metaspace       used 94370K, capacity 96544K, committed 97280K, reserved 1132544K
  class space    used 12183K, capacity 12998K, committed 13312K, reserved 1048576K
GC Heap History (20 events):
Event: 15.158 GC heap before
{Heap before GC invocations=23 (full 0):
 garbage-first heap   total 225280K, used 163589K [0x0000000080000000, 0x0000000100000000)
  region size 1024K, 66 young (67584K), 8 survivors (8192K)
 Metaspace       used 88872K, capacity 91011K, committed 91776K, reserved 1128448K
  class space    used 11605K, capacity 12406K, committed 12672K, reserved 1048576K
}
Event: 15.182 GC heap after
{Heap after GC invocations=24 (full 0):
 garbage-first heap   total 225280K, used 119257K [0x0000000080000000, 0x0000000100000000)
  region size 1024K, 9 young (9216K), 9 survivors (9216K)
 Metaspace       used 88872K, capacity 91011K, committed 91776K, reserved 1128448K
  class space    used 11605K, capacity 12406K, committed 12672K, reserved 1048576K
}
Event: 15.407 GC heap before
{Heap before GC invocations=24 (full 0):
 garbage-first heap   total 225280K, used 172505K [0x0000000080000000, 0x0000000100000000)
  region size 1024K, 61 young (62464K), 9 survivors (9216K)
 Metaspace       used 91565K, capacity 93947K, committed 94208K, reserved 1130496K
  class space    used 12094K, capacity 12997K, committed 13056K, reserved 1048576K
}
Event: 15.437 GC heap after
{Heap after GC invocations=25 (full 0):
 garbage-first heap   total 225280K, used 126381K [0x0000000080000000, 0x0000000100000000)
  region size 1024K, 7 young (7168K), 7 survivors (7168K)
 Metaspace       used 91565K, capacity 93947K, committed 94208K, reserved 1130496K
  class space    used 12094K, capacity 12997K, committed 13056K, reserved 1048576K
}
Event: 15.735 GC heap before
{Heap before GC invocations=26 (full 0):
 garbage-first heap   total 225280K, used 176557K [0x0000000080000000, 0x0000000100000000)
  region size 1024K, 57 young (58368K), 7 survivors (7168K)
 Metaspace       used 91886K, capacity 94075K, committed 94464K, reserved 1130496K
  class space    used 12075K, capacity 12897K, committed 13056K, reserved 1048576K
}
Event: 15.745 GC heap after
{Heap after GC invocations=27 (full 0):
 garbage-first heap   total 225280K, used 127707K [0x0000000080000000, 0x0000000100000000)
  region size 1024K, 2 young (2048K), 2 survivors (2048K)
 Metaspace       used 91886K, capacity 94075K, committed 94464K, reserved 1130496K
  class space    used 12075K, capacity 12897K, committed 13056K, reserved 1048576K
}
Event: 15.962 GC heap before
{Heap before GC invocations=27 (full 0):
 garbage-first heap   total 225280K, used 179931K [0x0000000080000000, 0x0000000100000000)
  region size 1024K, 53 young (54272K), 2 survivors (2048K)
 Metaspace       used 92566K, capacity 94780K, committed 95360K, reserved 1132544K
  class space    used 12096K, capacity 12936K, committed 13184K, reserved 1048576K
}
Event: 15.969 GC heap after
{Heap after GC invocations=28 (full 0):
 garbage-first heap   total 279552K, used 128414K [0x0000000080000000, 0x0000000100000000)
  region size 1024K, 3 young (3072K), 3 survivors (3072K)
 Metaspace       used 92566K, capacity 94780K, committed 95360K, reserved 1132544K
  class space    used 12096K, capacity 12936K, committed 13184K, reserved 1048576K
}
Event: 16.315 GC heap before
{Heap before GC invocations=29 (full 0):
 garbage-first heap   total 279552K, used 204190K [0x0000000080000000, 0x0000000100000000)
  region size 1024K, 77 young (78848K), 3 survivors (3072K)
 Metaspace       used 92390K, capacity 94435K, committed 95360K, reserved 1132544K
  class space    used 11999K, capacity 12754K, committed 13184K, reserved 1048576K
}
Event: 16.322 GC heap after
{Heap after GC invocations=30 (full 0):
 garbage-first heap   total 279552K, used 128799K [0x0000000080000000, 0x0000000100000000)
  region size 1024K, 3 young (3072K), 3 survivors (3072K)
 Metaspace       used 92390K, capacity 94435K, committed 95360K, reserved 1132544K
  class space    used 11999K, capacity 12754K, committed 13184K, reserved 1048576K
}
Event: 16.540 GC heap before
{Heap before GC invocations=30 (full 0):
 garbage-first heap   total 279552K, used 209695K [0x0000000080000000, 0x0000000100000000)
  region size 1024K, 82 young (83968K), 3 survivors (3072K)
 Metaspace       used 92501K, capacity 94578K, committed 95616K, reserved 1132544K
  class space    used 12004K, capacity 12758K, committed 13184K, reserved 1048576K
}
Event: 16.553 GC heap after
{Heap after GC invocations=31 (full 0):
 garbage-first heap   total 279552K, used 129765K [0x0000000080000000, 0x0000000100000000)
  region size 1024K, 4 young (4096K), 4 survivors (4096K)
 Metaspace       used 92501K, capacity 94578K, committed 95616K, reserved 1132544K
  class space    used 12004K, capacity 12758K, committed 13184K, reserved 1048576K
}
Event: 16.902 GC heap before
{Heap before GC invocations=32 (full 0):
 garbage-first heap   total 279552K, used 216805K [0x0000000080000000, 0x0000000100000000)
  region size 1024K, 89 young (91136K), 4 survivors (4096K)
 Metaspace       used 92903K, capacity 94999K, committed 95872K, reserved 1132544K
  class space    used 12046K, capacity 12814K, committed 13184K, reserved 1048576K
}
Event: 16.909 GC heap after
{Heap after GC invocations=33 (full 0):
 garbage-first heap   total 279552K, used 129493K [0x0000000080000000, 0x0000000100000000)
  region size 1024K, 4 young (4096K), 4 survivors (4096K)
 Metaspace       used 92903K, capacity 94999K, committed 95872K, reserved 1132544K
  class space    used 12046K, capacity 12814K, committed 13184K, reserved 1048576K
}
Event: 17.102 GC heap before
{Heap before GC invocations=33 (full 0):
 garbage-first heap   total 279552K, used 223701K [0x0000000080000000, 0x0000000100000000)
  region size 1024K, 97 young (99328K), 4 survivors (4096K)
 Metaspace       used 93240K, capacity 95330K, committed 96128K, reserved 1132544K
  class space    used 12083K, capacity 12859K, committed 13184K, reserved 1048576K
}
Event: 17.113 GC heap after
{Heap after GC invocations=34 (full 0):
 garbage-first heap   total 279552K, used 131694K [0x0000000080000000, 0x0000000100000000)
  region size 1024K, 6 young (6144K), 6 survivors (6144K)
 Metaspace       used 93240K, capacity 95330K, committed 96128K, reserved 1132544K
  class space    used 12083K, capacity 12859K, committed 13184K, reserved 1048576K
}
Event: 17.392 GC heap before
{Heap before GC invocations=34 (full 0):
 garbage-first heap   total 279552K, used 227950K [0x0000000080000000, 0x0000000100000000)
  region size 1024K, 100 young (102400K), 6 survivors (6144K)
 Metaspace       used 93481K, capacity 95528K, committed 96384K, reserved 1132544K
  class space    used 12085K, capacity 12860K, committed 13184K, reserved 1048576K
}
Event: 17.401 GC heap after
{Heap after GC invocations=35 (full 0):
 garbage-first heap   total 279552K, used 131304K [0x0000000080000000, 0x0000000100000000)
  region size 1024K, 5 young (5120K), 5 survivors (5120K)
 Metaspace       used 93481K, capacity 95528K, committed 96384K, reserved 1132544K
  class space    used 12085K, capacity 12860K, committed 13184K, reserved 1048576K
}
Event: 17.597 GC heap before
{Heap before GC invocations=36 (full 0):
 garbage-first heap   total 279552K, used 231656K [0x0000000080000000, 0x0000000100000000)
  region size 1024K, 103 young (105472K), 5 survivors (5120K)
 Metaspace       used 94025K, capacity 96144K, committed 96896K, reserved 1132544K
  class space    used 12141K, capacity 12930K, committed 13184K, reserved 1048576K
}
Event: 17.613 GC heap after
{Heap after GC invocations=37 (full 0):
 garbage-first heap   total 335872K, used 133266K [0x0000000080000000, 0x0000000100000000)
  region size 1024K, 7 young (7168K), 7 survivors (7168K)
 Metaspace       used 94025K, capacity 96144K, committed 96896K, reserved 1132544K
  class space    used 12141K, capacity 12930K, committed 13184K, reserved 1048576K
}

