# JRE version: OpenJDK Runtime Environment (11.0.8+10) (build 11.0.8+10-b944.6842174)
# Java VM: OpenJDK 64-Bit Server VM (11.0.8+10-b944.6842174, mixed mode, tiered, compressed oops, g1 gc, windows-amd64)
Heap:
 garbage-first heap   total 514048K, used 134840K [0x0000000080000000, 0x0000000100000000)
  region size 1024K, 6 young (6144K), 6 survivors (6144K)
 Metaspace       used 94536K, capacity 96820K, committed 96972K, reserved 1132544K
  class space    used 12364K, capacity 13221K, committed 13312K, reserved 1048576K
GC Heap History (20 events):
Event: 21.319 GC heap after
{Heap after GC invocations=26 (full 0):
 garbage-first heap   total 155648K, used 89367K [0x0000000080000000, 0x0000000100000000)
  region size 1024K, 6 young (6144K), 6 survivors (6144K)
 Metaspace       used 87268K, capacity 89386K, committed 89548K, reserved 1126400K
  class space    used 11380K, capacity 12170K, committed 12288K, reserved 1048576K
}
Event: 21.564 GC heap before
{Heap before GC invocations=27 (full 0):
 garbage-first heap   total 155648K, used 123159K [0x0000000080000000, 0x0000000100000000)
  region size 1024K, 39 young (39936K), 6 survivors (6144K)
 Metaspace       used 87757K, capacity 89882K, committed 90060K, reserved 1126400K
  class space    used 11445K, capacity 12249K, committed 12288K, reserved 1048576K
}
Event: 21.578 GC heap after
{Heap after GC invocations=28 (full 0):
 garbage-first heap   total 155648K, used 98106K [0x0000000080000000, 0x0000000100000000)
  region size 1024K, 5 young (5120K), 5 survivors (5120K)
 Metaspace       used 87757K, capacity 89882K, committed 90060K, reserved 1126400K
  class space    used 11445K, capacity 12249K, committed 12288K, reserved 1048576K
}
Event: 21.671 GC heap before
{Heap before GC invocations=28 (full 0):
 garbage-first heap   total 155648K, used 124730K [0x0000000080000000, 0x0000000100000000)
  region size 1024K, 31 young (31744K), 5 survivors (5120K)
 Metaspace       used 88689K, capacity 90838K, committed 90956K, reserved 1128448K
  class space    used 11579K, capacity 12376K, committed 12416K, reserved 1048576K
}
Event: 21.694 GC heap after
{Heap after GC invocations=29 (full 0):
 garbage-first heap   total 187392K, used 104647K [0x0000000080000000, 0x0000000100000000)
  region size 1024K, 4 young (4096K), 4 survivors (4096K)
 Metaspace       used 88689K, capacity 90838K, committed 90956K, reserved 1128448K
  class space    used 11579K, capacity 12376K, committed 12416K, reserved 1048576K
}
Event: 21.974 GC heap before
{Heap before GC invocations=29 (full 0):
 garbage-first heap   total 187392K, used 140487K [0x0000000080000000, 0x0000000100000000)
  region size 1024K, 39 young (39936K), 4 survivors (4096K)
 Metaspace       used 89564K, capacity 91611K, committed 92236K, reserved 1128448K
  class space    used 11659K, capacity 12445K, committed 12672K, reserved 1048576K
}
Event: 21.998 GC heap after
{Heap after GC invocations=30 (full 0):
 garbage-first heap   total 187392K, used 111794K [0x0000000080000000, 0x0000000100000000)
  region size 1024K, 5 young (5120K), 5 survivors (5120K)
 Metaspace       used 89564K, capacity 91611K, committed 92236K, reserved 1128448K
  class space    used 11659K, capacity 12445K, committed 12672K, reserved 1048576K
}
Event: 22.068 GC heap before
{Heap before GC invocations=31 (full 0):
 garbage-first heap   total 187392K, used 143538K [0x0000000080000000, 0x0000000100000000)
  region size 1024K, 37 young (37888K), 5 survivors (5120K)
 Metaspace       used 90064K, capacity 92093K, committed 92876K, reserved 1130496K
  class space    used 11757K, capacity 12541K, committed 12800K, reserved 1048576K
}
Event: 22.094 GC heap after
{Heap after GC invocations=32 (full 0):
 garbage-first heap   total 187392K, used 118784K [0x0000000080000000, 0x0000000100000000)
  region size 1024K, 5 young (5120K), 5 survivors (5120K)
 Metaspace       used 90064K, capacity 92093K, committed 92876K, reserved 1130496K
  class space    used 11757K, capacity 12541K, committed 12800K, reserved 1048576K
}
Event: 22.191 GC heap before
{Heap before GC invocations=32 (full 0):
 garbage-first heap   total 187392K, used 149504K [0x0000000080000000, 0x0000000100000000)
  region size 1024K, 35 young (35840K), 5 survivors (5120K)
 Metaspace       used 91122K, capacity 93248K, committed 93772K, reserved 1130496K
  class space    used 11944K, capacity 12761K, committed 12928K, reserved 1048576K
}
Event: 22.215 GC heap after
{Heap after GC invocations=33 (full 0):
 garbage-first heap   total 187392K, used 124928K [0x0000000080000000, 0x0000000100000000)
  region size 1024K, 5 young (5120K), 5 survivors (5120K)
 Metaspace       used 91122K, capacity 93248K, committed 93772K, reserved 1130496K
  class space    used 11944K, capacity 12761K, committed 12928K, reserved 1048576K
}
Event: 22.440 GC heap before
{Heap before GC invocations=33 (full 0):
 garbage-first heap   total 187392K, used 152576K [0x0000000080000000, 0x0000000100000000)
  region size 1024K, 32 young (32768K), 5 survivors (5120K)
 Metaspace       used 92726K, capacity 94983K, committed 95180K, reserved 1132544K
  class space    used 12192K, capacity 13041K, committed 13056K, reserved 1048576K
}
Event: 22.497 GC heap after
{Heap after GC invocations=34 (full 0):
 garbage-first heap   total 289792K, used 129313K [0x0000000080000000, 0x0000000100000000)
  region size 1024K, 4 young (4096K), 4 survivors (4096K)
 Metaspace       used 92726K, capacity 94983K, committed 95180K, reserved 1132544K
  class space    used 12192K, capacity 13041K, committed 13056K, reserved 1048576K
}
Event: 22.981 GC heap before
{Heap before GC invocations=35 (full 0):
 garbage-first heap   total 289792K, used 190753K [0x0000000080000000, 0x0000000100000000)
  region size 1024K, 64 young (65536K), 4 survivors (4096K)
 Metaspace       used 94102K, capacity 96347K, committed 96716K, reserved 1132544K
  class space    used 12322K, capacity 13190K, committed 13312K, reserved 1048576K
}
Event: 22.997 GC heap after
{Heap after GC invocations=36 (full 0):
 garbage-first heap   total 289792K, used 130542K [0x0000000080000000, 0x0000000100000000)
  region size 1024K, 6 young (6144K), 6 survivors (6144K)
 Metaspace       used 94102K, capacity 96347K, committed 96716K, reserved 1132544K
  class space    used 12322K, capacity 13190K, committed 13312K, reserved 1048576K
}
Event: 23.255 GC heap before
{Heap before GC invocations=36 (full 0):
 garbage-first heap   total 289792K, used 196078K [0x0000000080000000, 0x0000000100000000)
  region size 1024K, 70 young (71680K), 6 survivors (6144K)
 Metaspace       used 94237K, capacity 96496K, committed 96716K, reserved 1132544K
  class space    used 12338K, capacity 13197K, committed 13312K, reserved 1048576K
}
Event: 23.273 GC heap after
{Heap after GC invocations=37 (full 0):
 garbage-first heap   total 289792K, used 132598K [0x0000000080000000, 0x0000000100000000)
  region size 1024K, 4 young (4096K), 4 survivors (4096K)
 Metaspace       used 94237K, capacity 96496K, committed 96716K, reserved 1132544K
  class space    used 12338K, capacity 13197K, committed 13312K, reserved 1048576K
}
Event: 23.497 GC heap before
{Heap before GC invocations=37 (full 0):
 garbage-first heap   total 289792K, used 202230K [0x0000000080000000, 0x0000000100000000)
  region size 1024K, 73 young (74752K), 4 survivors (4096K)
 Metaspace       used 94473K, capacity 96716K, committed 96972K, reserved 1132544K
  class space    used 12353K, capacity 13207K, committed 13312K, reserved 1048576K
}
Event: 23.533 GC heap after
{Heap after GC invocations=38 (full 0):
 garbage-first heap   total 289792K, used 133009K [0x0000000080000000, 0x0000000100000000)
  region size 1024K, 5 young (5120K), 5 survivors (5120K)
 Metaspace       used 94473K, capacity 96716K, committed 96972K, reserved 1132544K
  class space    used 12353K, capacity 13207K, committed 13312K, reserved 1048576K
}
Event: 23.756 GC heap before
{Heap before GC invocations=38 (full 0):
 garbage-first heap   total 289792K, used 208785K [0x0000000080000000, 0x0000000100000000)
  region size 1024K, 79 young (80896K), 5 survivors (5120K)
 Metaspace       used 94536K, capacity 96820K, committed 96972K, reserved 1132544K
  class space    used 12364K, capacity 13221K, committed 13312K, reserved 1048576K
}

