# JRE version: OpenJDK Runtime Environment (11.0.8+10) (build 11.0.8+10-b944.6842174)
# Java VM: OpenJDK 64-Bit Server VM (11.0.8+10-b944.6842174, mixed mode, tiered, compressed oops, g1 gc, windows-amd64)
Heap:
 garbage-first heap   total 656384K, used 209704K [0x0000000080000000, 0x0000000100000000)
  region size 1024K, 1 young (1024K), 1 survivors (1024K)
 Metaspace       used 109309K, capacity 112142K, committed 112332K, reserved 1146880K
  class space    used 13755K, capacity 14785K, committed 14796K, reserved 1048576K
GC Heap History (20 events):
Event: 135.913 GC heap after
{Heap after GC invocations=58 (full 0):
 garbage-first heap   total 390144K, used 115606K [0x0000000080000000, 0x0000000100000000)
  region size 1024K, 1 young (1024K), 1 survivors (1024K)
 Metaspace       used 108609K, capacity 111325K, committed 111564K, reserved 1146880K
  class space    used 13688K, capacity 14692K, committed 14796K, reserved 1048576K
}
Event: 136.528 GC heap before
{Heap before GC invocations=58 (full 0):
 garbage-first heap   total 390144K, used 314262K [0x0000000080000000, 0x0000000100000000)
  region size 1024K, 195 young (199680K), 1 survivors (1024K)
 Metaspace       used 108621K, capacity 111390K, committed 111564K, reserved 1146880K
  class space    used 13688K, capacity 14692K, committed 14796K, reserved 1048576K
}
Event: 136.534 GC heap after
{Heap after GC invocations=59 (full 0):
 garbage-first heap   total 390144K, used 115819K [0x0000000080000000, 0x0000000100000000)
  region size 1024K, 1 young (1024K), 1 survivors (1024K)
 Metaspace       used 108621K, capacity 111390K, committed 111564K, reserved 1146880K
  class space    used 13688K, capacity 14692K, committed 14796K, reserved 1048576K
}
Event: 137.456 GC heap before
{Heap before GC invocations=60 (full 0):
 garbage-first heap   total 390144K, used 323691K [0x0000000080000000, 0x0000000100000000)
  region size 1024K, 204 young (208896K), 1 survivors (1024K)
 Metaspace       used 108628K, capacity 111391K, committed 111564K, reserved 1146880K
  class space    used 13688K, capacity 14692K, committed 14796K, reserved 1048576K
}
Event: 137.462 GC heap after
{Heap after GC invocations=61 (full 0):
 garbage-first heap   total 390144K, used 116932K [0x0000000080000000, 0x0000000100000000)
  region size 1024K, 2 young (2048K), 2 survivors (2048K)
 Metaspace       used 108628K, capacity 111391K, committed 111564K, reserved 1146880K
  class space    used 13688K, capacity 14692K, committed 14796K, reserved 1048576K
}
Event: 137.545 GC heap before
{Heap before GC invocations=61 (full 0):
 garbage-first heap   total 390144K, used 134340K [0x0000000080000000, 0x0000000100000000)
  region size 1024K, 19 young (19456K), 2 survivors (2048K)
 Metaspace       used 108638K, capacity 111391K, committed 111564K, reserved 1146880K
  class space    used 13688K, capacity 14692K, committed 14796K, reserved 1048576K
}
Event: 137.553 GC heap after
{Heap after GC invocations=62 (full 0):
 garbage-first heap   total 390144K, used 114637K [0x0000000080000000, 0x0000000100000000)
  region size 1024K, 2 young (2048K), 2 survivors (2048K)
 Metaspace       used 108638K, capacity 111391K, committed 111564K, reserved 1146880K
  class space    used 13688K, capacity 14692K, committed 14796K, reserved 1048576K
}
Event: 138.260 GC heap before
{Heap before GC invocations=62 (full 0):
 garbage-first heap   total 390144K, used 246733K [0x0000000080000000, 0x0000000100000000)
  region size 1024K, 132 young (135168K), 2 survivors (2048K)
 Metaspace       used 108651K, capacity 111393K, committed 111564K, reserved 1146880K
  class space    used 13688K, capacity 14692K, committed 14796K, reserved 1048576K
}
Event: 138.269 GC heap after
{Heap after GC invocations=63 (full 0):
 garbage-first heap   total 390144K, used 119048K [0x0000000080000000, 0x0000000100000000)
  region size 1024K, 6 young (6144K), 6 survivors (6144K)
 Metaspace       used 108651K, capacity 111393K, committed 111564K, reserved 1146880K
  class space    used 13688K, capacity 14692K, committed 14796K, reserved 1048576K
}
Event: 139.271 GC heap before
{Heap before GC invocations=64 (full 0):
 garbage-first heap   total 390144K, used 342280K [0x0000000080000000, 0x0000000100000000)
  region size 1024K, 192 young (196608K), 6 survivors (6144K)
 Metaspace       used 109263K, capacity 112126K, committed 112332K, reserved 1146880K
  class space    used 13751K, capacity 14780K, committed 14796K, reserved 1048576K
}
Event: 139.364 GC heap after
{Heap after GC invocations=65 (full 0):
 garbage-first heap   total 403456K, used 182594K [0x0000000080000000, 0x0000000100000000)
  region size 1024K, 24 young (24576K), 24 survivors (24576K)
 Metaspace       used 109263K, capacity 112126K, committed 112332K, reserved 1146880K
  class space    used 13751K, capacity 14780K, committed 14796K, reserved 1048576K
}
Event: 139.399 GC heap before
{Heap before GC invocations=65 (full 0):
 garbage-first heap   total 403456K, used 183618K [0x0000000080000000, 0x0000000100000000)
  region size 1024K, 25 young (25600K), 24 survivors (24576K)
 Metaspace       used 109264K, capacity 112126K, committed 112332K, reserved 1146880K
  class space    used 13751K, capacity 14780K, committed 14796K, reserved 1048576K
}
Event: 139.460 GC heap after
{Heap after GC invocations=66 (full 0):
 garbage-first heap   total 403456K, used 185123K [0x0000000080000000, 0x0000000100000000)
  region size 1024K, 3 young (3072K), 3 survivors (3072K)
 Metaspace       used 109264K, capacity 112126K, committed 112332K, reserved 1146880K
  class space    used 13751K, capacity 14780K, committed 14796K, reserved 1048576K
}
Event: 139.526 GC heap before
{Heap before GC invocations=66 (full 0):
 garbage-first heap   total 403456K, used 190243K [0x0000000080000000, 0x0000000100000000)
  region size 1024K, 9 young (9216K), 3 survivors (3072K)
 Metaspace       used 109268K, capacity 112126K, committed 112332K, reserved 1146880K
  class space    used 13751K, capacity 14780K, committed 14796K, reserved 1048576K
}
Event: 139.539 GC heap after
{Heap after GC invocations=67 (full 0):
 garbage-first heap   total 403456K, used 184098K [0x0000000080000000, 0x0000000100000000)
  region size 1024K, 2 young (2048K), 2 survivors (2048K)
 Metaspace       used 109268K, capacity 112126K, committed 112332K, reserved 1146880K
  class space    used 13751K, capacity 14780K, committed 14796K, reserved 1048576K
}
Event: 140.826 GC heap before
{Heap before GC invocations=68 (full 0):
 garbage-first heap   total 403456K, used 330530K [0x0000000080000000, 0x0000000100000000)
  region size 1024K, 128 young (131072K), 2 survivors (2048K)
 Metaspace       used 109294K, capacity 112140K, committed 112332K, reserved 1146880K
  class space    used 13755K, capacity 14785K, committed 14796K, reserved 1048576K
}
Event: 140.858 GC heap after
{Heap after GC invocations=69 (full 0):
 garbage-first heap   total 403456K, used 217665K [0x0000000080000000, 0x0000000100000000)
  region size 1024K, 16 young (16384K), 16 survivors (16384K)
 Metaspace       used 109294K, capacity 112140K, committed 112332K, reserved 1146880K
  class space    used 13755K, capacity 14785K, committed 14796K, reserved 1048576K
}
Event: 140.866 GC heap before
{Heap before GC invocations=69 (full 0):
 garbage-first heap   total 403456K, used 220737K [0x0000000080000000, 0x0000000100000000)
  region size 1024K, 19 young (19456K), 16 survivors (16384K)
 Metaspace       used 109294K, capacity 112140K, committed 112332K, reserved 1146880K
  class space    used 13755K, capacity 14785K, committed 14796K, reserved 1048576K
}
Event: 140.895 GC heap after
{Heap after GC invocations=70 (full 0):
 garbage-first heap   total 403456K, used 210775K [0x0000000080000000, 0x0000000100000000)
  region size 1024K, 2 young (2048K), 2 survivors (2048K)
 Metaspace       used 109294K, capacity 112140K, committed 112332K, reserved 1146880K
  class space    used 13755K, capacity 14785K, committed 14796K, reserved 1048576K
}
Event: 141.158 GC heap before
{Heap before GC invocations=70 (full 0):
 garbage-first heap   total 403456K, used 222039K [0x0000000080000000, 0x0000000100000000)
  region size 1024K, 14 young (14336K), 2 survivors (2048K)
 Metaspace       used 109309K, capacity 112142K, committed 112332K, reserved 1146880K
  class space    used 13755K, capacity 14785K, committed 14796K, reserved 1048576K
}

