# JRE version: OpenJDK Runtime Environment (11.0.8+10) (build 11.0.8+10-b944.6842174)
# Java VM: OpenJDK 64-Bit Server VM (11.0.8+10-b944.6842174, mixed mode, tiered, compressed oops, g1 gc, windows-amd64)
Heap:
 garbage-first heap   total 736256K, used 220572K [0x0000000080000000, 0x0000000100000000)
  region size 1024K, 2 young (2048K), 2 survivors (2048K)
 Metaspace       used 143948K, capacity 149358K, committed 149592K, reserved 1179648K
  class space    used 17595K, capacity 19458K, committed 19584K, reserved 1048576K
GC Heap History (20 events):
Event: 3159.753 GC heap after
{Heap after GC invocations=171 (full 0):
 garbage-first heap   total 191488K, used 142658K [0x0000000080000000, 0x0000000100000000)
  region size 1024K, 3 young (3072K), 3 survivors (3072K)
 Metaspace       used 140207K, capacity 145503K, committed 145752K, reserved 1175552K
  class space    used 17220K, capacity 19053K, committed 19072K, reserved 1048576K
}
Event: 3159.948 GC heap before
{Heap before GC invocations=171 (full 0):
 garbage-first heap   total 191488K, used 177474K [0x0000000080000000, 0x0000000100000000)
  region size 1024K, 22 young (22528K), 3 survivors (3072K)
 Metaspace       used 140275K, capacity 145545K, committed 145752K, reserved 1175552K
  class space    used 17225K, capacity 19060K, committed 19072K, reserved 1048576K
}
Event: 3159.957 GC heap after
{Heap after GC invocations=172 (full 0):
 garbage-first heap   total 191488K, used 145023K [0x0000000080000000, 0x0000000100000000)
  region size 1024K, 3 young (3072K), 3 survivors (3072K)
 Metaspace       used 140275K, capacity 145545K, committed 145752K, reserved 1175552K
  class space    used 17225K, capacity 19060K, committed 19072K, reserved 1048576K
}
Event: 3160.076 GC heap before
{Heap before GC invocations=172 (full 0):
 garbage-first heap   total 191488K, used 163455K [0x0000000080000000, 0x0000000100000000)
  region size 1024K, 21 young (21504K), 3 survivors (3072K)
 Metaspace       used 140299K, capacity 145545K, committed 145752K, reserved 1175552K
  class space    used 17225K, capacity 19060K, committed 19072K, reserved 1048576K
}
Event: 3160.088 GC heap after
{Heap after GC invocations=173 (full 0):
 garbage-first heap   total 260096K, used 146561K [0x0000000080000000, 0x0000000100000000)
  region size 1024K, 2 young (2048K), 2 survivors (2048K)
 Metaspace       used 140299K, capacity 145545K, committed 145752K, reserved 1175552K
  class space    used 17225K, capacity 19060K, committed 19072K, reserved 1048576K
}
Event: 3160.639 GC heap before
{Heap before GC invocations=174 (full 0):
 garbage-first heap   total 260096K, used 204929K [0x0000000080000000, 0x0000000100000000)
  region size 1024K, 60 young (61440K), 2 survivors (2048K)
 Metaspace       used 140852K, capacity 146161K, committed 146392K, reserved 1177600K
  class space    used 17267K, capacity 19093K, committed 19200K, reserved 1048576K
}
Event: 3160.657 GC heap after
{Heap after GC invocations=175 (full 0):
 garbage-first heap   total 260096K, used 148163K [0x0000000080000000, 0x0000000100000000)
  region size 1024K, 4 young (4096K), 4 survivors (4096K)
 Metaspace       used 140852K, capacity 146161K, committed 146392K, reserved 1177600K
  class space    used 17267K, capacity 19093K, committed 19200K, reserved 1048576K
}
Event: 3161.691 GC heap before
{Heap before GC invocations=175 (full 0):
 garbage-first heap   total 260096K, used 207555K [0x0000000080000000, 0x0000000100000000)
  region size 1024K, 63 young (64512K), 4 survivors (4096K)
 Metaspace       used 142538K, capacity 147860K, committed 148056K, reserved 1177600K
  class space    used 17452K, capacity 19274K, committed 19328K, reserved 1048576K
}
Event: 3161.709 GC heap after
{Heap after GC invocations=176 (full 0):
 garbage-first heap   total 260096K, used 148803K [0x0000000080000000, 0x0000000100000000)
  region size 1024K, 4 young (4096K), 4 survivors (4096K)
 Metaspace       used 142538K, capacity 147860K, committed 148056K, reserved 1177600K
  class space    used 17452K, capacity 19274K, committed 19328K, reserved 1048576K
}
Event: 3162.823 GC heap before
{Heap before GC invocations=177 (full 0):
 garbage-first heap   total 260096K, used 223555K [0x0000000080000000, 0x0000000100000000)
  region size 1024K, 65 young (66560K), 4 survivors (4096K)
 Metaspace       used 143292K, capacity 148560K, committed 148696K, reserved 1179648K
  class space    used 17540K, capacity 19357K, committed 19456K, reserved 1048576K
}
Event: 3162.856 GC heap after
{Heap after GC invocations=178 (full 0):
 garbage-first heap   total 260096K, used 165075K [0x0000000080000000, 0x0000000100000000)
  region size 1024K, 9 young (9216K), 9 survivors (9216K)
 Metaspace       used 143292K, capacity 148560K, committed 148696K, reserved 1179648K
  class space    used 17540K, capacity 19357K, committed 19456K, reserved 1048576K
}
Event: 3162.875 GC heap before
{Heap before GC invocations=178 (full 0):
 garbage-first heap   total 260096K, used 168147K [0x0000000080000000, 0x0000000100000000)
  region size 1024K, 12 young (12288K), 9 survivors (9216K)
 Metaspace       used 143292K, capacity 148560K, committed 148696K, reserved 1179648K
  class space    used 17540K, capacity 19357K, committed 19456K, reserved 1048576K
}
Event: 3162.924 GC heap after
{Heap after GC invocations=179 (full 0):
 garbage-first heap   total 395264K, used 150507K [0x0000000080000000, 0x0000000100000000)
  region size 1024K, 2 young (2048K), 2 survivors (2048K)
 Metaspace       used 143292K, capacity 148560K, committed 148696K, reserved 1179648K
  class space    used 17540K, capacity 19357K, committed 19456K, reserved 1048576K
}
Event: 3163.146 GC heap before
{Heap before GC invocations=179 (full 0):
 garbage-first heap   total 395264K, used 178155K [0x0000000080000000, 0x0000000100000000)
  region size 1024K, 31 young (31744K), 2 survivors (2048K)
 Metaspace       used 143302K, capacity 148564K, committed 148696K, reserved 1179648K
  class space    used 17540K, capacity 19358K, committed 19456K, reserved 1048576K
}
Event: 3163.191 GC heap after
{Heap after GC invocations=180 (full 0):
 garbage-first heap   total 395264K, used 159723K [0x0000000080000000, 0x0000000100000000)
  region size 1024K, 11 young (11264K), 11 survivors (11264K)
 Metaspace       used 143302K, capacity 148564K, committed 148696K, reserved 1179648K
  class space    used 17540K, capacity 19358K, committed 19456K, reserved 1048576K
}
Event: 3165.557 GC heap before
{Heap before GC invocations=181 (full 0):
 garbage-first heap   total 395264K, used 269291K [0x0000000080000000, 0x0000000100000000)
  region size 1024K, 119 young (121856K), 11 survivors (11264K)
 Metaspace       used 143814K, capacity 149165K, committed 149208K, reserved 1179648K
  class space    used 17584K, capacity 19419K, committed 19456K, reserved 1048576K
}
Event: 3165.699 GC heap after
{Heap after GC invocations=182 (full 0):
 garbage-first heap   total 395264K, used 199709K [0x0000000080000000, 0x0000000100000000)
  region size 1024K, 15 young (15360K), 15 survivors (15360K)
 Metaspace       used 143814K, capacity 149165K, committed 149208K, reserved 1179648K
  class space    used 17584K, capacity 19419K, committed 19456K, reserved 1048576K
}
Event: 3167.151 GC heap before
{Heap before GC invocations=183 (full 0):
 garbage-first heap   total 395264K, used 290845K [0x0000000080000000, 0x0000000100000000)
  region size 1024K, 97 young (99328K), 15 survivors (15360K)
 Metaspace       used 143948K, capacity 149358K, committed 149592K, reserved 1179648K
  class space    used 17595K, capacity 19458K, committed 19584K, reserved 1048576K
}
Event: 3167.217 GC heap after
{Heap after GC invocations=184 (full 0):
 garbage-first heap   total 395264K, used 219290K [0x0000000080000000, 0x0000000100000000)
  region size 1024K, 12 young (12288K), 12 survivors (12288K)
 Metaspace       used 143948K, capacity 149358K, committed 149592K, reserved 1179648K
  class space    used 17595K, capacity 19458K, committed 19584K, reserved 1048576K
}
Event: 3167.235 GC heap before
{Heap before GC invocations=184 (full 0):
 garbage-first heap   total 395264K, used 226458K [0x0000000080000000, 0x0000000100000000)
  region size 1024K, 19 young (19456K), 12 survivors (12288K)
 Metaspace       used 143948K, capacity 149358K, committed 149592K, reserved 1179648K
  class space    used 17595K, capacity 19458K, committed 19584K, reserved 1048576K
}

