# JRE version: OpenJDK Runtime Environment (11.0.8+10) (build 11.0.8+10-b944.6842174)
# Java VM: OpenJDK 64-Bit Server VM (11.0.8+10-b944.6842174, mixed mode, tiered, compressed oops, g1 gc, windows-amd64)
Heap:
 garbage-first heap   total 419840K, used 140824K [0x0000000080000000, 0x0000000100000000)
  region size 1024K, 9 young (9216K), 9 survivors (9216K)
 Metaspace       used 105864K, capacity 108410K, committed 108672K, reserved 1142784K
  class space    used 13409K, capacity 14349K, committed 14464K, reserved 1048576K
GC Heap History (20 events):
Event: 20.327 GC heap after
{Heap after GC invocations=29 (full 0):
 garbage-first heap   total 225280K, used 106548K [0x0000000080000000, 0x0000000100000000)
  region size 1024K, 10 young (10240K), 10 survivors (10240K)
 Metaspace       used 97760K, capacity 99972K, committed 100224K, reserved 1136640K
  class space    used 12357K, capacity 13133K, committed 13184K, reserved 1048576K
}
Event: 20.631 GC heap before
{Heap before GC invocations=29 (full 0):
 garbage-first heap   total 225280K, used 166964K [0x0000000080000000, 0x0000000100000000)
  region size 1024K, 70 young (71680K), 10 survivors (10240K)
 Metaspace       used 98840K, capacity 101092K, committed 101120K, reserved 1136640K
  class space    used 12504K, capacity 13293K, committed 13312K, reserved 1048576K
}
Event: 20.652 GC heap after
{Heap after GC invocations=30 (full 0):
 garbage-first heap   total 225280K, used 115887K [0x0000000080000000, 0x0000000100000000)
  region size 1024K, 9 young (9216K), 9 survivors (9216K)
 Metaspace       used 98840K, capacity 101092K, committed 101120K, reserved 1136640K
  class space    used 12504K, capacity 13293K, committed 13312K, reserved 1048576K
}
Event: 20.832 GC heap before
{Heap before GC invocations=30 (full 0):
 garbage-first heap   total 225280K, used 170159K [0x0000000080000000, 0x0000000100000000)
  region size 1024K, 63 young (64512K), 9 survivors (9216K)
 Metaspace       used 100136K, capacity 102536K, committed 102784K, reserved 1138688K
  class space    used 12706K, capacity 13591K, committed 13696K, reserved 1048576K
}
Event: 20.877 GC heap after
{Heap after GC invocations=31 (full 0):
 garbage-first heap   total 225280K, used 128221K [0x0000000080000000, 0x0000000100000000)
  region size 1024K, 8 young (8192K), 8 survivors (8192K)
 Metaspace       used 100136K, capacity 102536K, committed 102784K, reserved 1138688K
  class space    used 12706K, capacity 13591K, committed 13696K, reserved 1048576K
}
Event: 21.190 GC heap before
{Heap before GC invocations=32 (full 0):
 garbage-first heap   total 225280K, used 176349K [0x0000000080000000, 0x0000000100000000)
  region size 1024K, 55 young (56320K), 8 survivors (8192K)
 Metaspace       used 102357K, capacity 104760K, committed 105216K, reserved 1140736K
  class space    used 13058K, capacity 13959K, committed 14080K, reserved 1048576K
}
Event: 21.217 GC heap after
{Heap after GC invocations=33 (full 0):
 garbage-first heap   total 225280K, used 136192K [0x0000000080000000, 0x0000000100000000)
  region size 1024K, 7 young (7168K), 7 survivors (7168K)
 Metaspace       used 102357K, capacity 104760K, committed 105216K, reserved 1140736K
  class space    used 13058K, capacity 13959K, committed 14080K, reserved 1048576K
}
Event: 21.235 GC heap before
{Heap before GC invocations=33 (full 0):
 garbage-first heap   total 225280K, used 140288K [0x0000000080000000, 0x0000000100000000)
  region size 1024K, 11 young (11264K), 7 survivors (7168K)
 Metaspace       used 102422K, capacity 104836K, committed 105216K, reserved 1140736K
  class space    used 13066K, capacity 13963K, committed 14080K, reserved 1048576K
}
Event: 21.252 GC heap after
{Heap after GC invocations=34 (full 0):
 garbage-first heap   total 328704K, used 130660K [0x0000000080000000, 0x0000000100000000)
  region size 1024K, 2 young (2048K), 2 survivors (2048K)
 Metaspace       used 102422K, capacity 104836K, committed 105216K, reserved 1140736K
  class space    used 13066K, capacity 13963K, committed 14080K, reserved 1048576K
}
Event: 21.737 GC heap before
{Heap before GC invocations=34 (full 0):
 garbage-first heap   total 328704K, used 210532K [0x0000000080000000, 0x0000000100000000)
  region size 1024K, 80 young (81920K), 2 survivors (2048K)
 Metaspace       used 103470K, capacity 105851K, committed 106368K, reserved 1140736K
  class space    used 13152K, capacity 14038K, committed 14208K, reserved 1048576K
}
Event: 21.762 GC heap after
{Heap after GC invocations=35 (full 0):
 garbage-first heap   total 328704K, used 132212K [0x0000000080000000, 0x0000000100000000)
  region size 1024K, 3 young (3072K), 3 survivors (3072K)
 Metaspace       used 103470K, capacity 105851K, committed 106368K, reserved 1140736K
  class space    used 13152K, capacity 14038K, committed 14208K, reserved 1048576K
}
Event: 22.065 GC heap before
{Heap before GC invocations=35 (full 0):
 garbage-first heap   total 328704K, used 229492K [0x0000000080000000, 0x0000000100000000)
  region size 1024K, 98 young (100352K), 3 survivors (3072K)
 Metaspace       used 103609K, capacity 105958K, committed 106368K, reserved 1140736K
  class space    used 13178K, capacity 14074K, committed 14208K, reserved 1048576K
}
Event: 22.074 GC heap after
{Heap after GC invocations=36 (full 0):
 garbage-first heap   total 328704K, used 133677K [0x0000000080000000, 0x0000000100000000)
  region size 1024K, 5 young (5120K), 5 survivors (5120K)
 Metaspace       used 103609K, capacity 105958K, committed 106368K, reserved 1140736K
  class space    used 13178K, capacity 14074K, committed 14208K, reserved 1048576K
}
Event: 22.365 GC heap before
{Heap before GC invocations=36 (full 0):
 garbage-first heap   total 328704K, used 234029K [0x0000000080000000, 0x0000000100000000)
  region size 1024K, 104 young (106496K), 5 survivors (5120K)
 Metaspace       used 104217K, capacity 106701K, committed 107008K, reserved 1142784K
  class space    used 13255K, capacity 14174K, committed 14336K, reserved 1048576K
}
Event: 22.373 GC heap after
{Heap after GC invocations=37 (full 0):
 garbage-first heap   total 328704K, used 135119K [0x0000000080000000, 0x0000000100000000)
  region size 1024K, 6 young (6144K), 6 survivors (6144K)
 Metaspace       used 104217K, capacity 106701K, committed 107008K, reserved 1142784K
  class space    used 13255K, capacity 14174K, committed 14336K, reserved 1048576K
}
Event: 22.746 GC heap before
{Heap before GC invocations=37 (full 0):
 garbage-first heap   total 328704K, used 254927K [0x0000000080000000, 0x0000000100000000)
  region size 1024K, 123 young (125952K), 6 survivors (6144K)
 Metaspace       used 105238K, capacity 107788K, committed 108160K, reserved 1142784K
  class space    used 13396K, capacity 14344K, committed 14464K, reserved 1048576K
}
Event: 22.759 GC heap after
{Heap after GC invocations=38 (full 0):
 garbage-first heap   total 328704K, used 136751K [0x0000000080000000, 0x0000000100000000)
  region size 1024K, 8 young (8192K), 8 survivors (8192K)
 Metaspace       used 105238K, capacity 107788K, committed 108160K, reserved 1142784K
  class space    used 13396K, capacity 14344K, committed 14464K, reserved 1048576K
}
Event: 23.062 GC heap before
{Heap before GC invocations=38 (full 0):
 garbage-first heap   total 328704K, used 256559K [0x0000000080000000, 0x0000000100000000)
  region size 1024K, 126 young (129024K), 8 survivors (8192K)
 Metaspace       used 105396K, capacity 107950K, committed 108160K, reserved 1142784K
  class space    used 13407K, capacity 14349K, committed 14464K, reserved 1048576K
}
Event: 23.077 GC heap after
{Heap after GC invocations=39 (full 0):
 garbage-first heap   total 328704K, used 139667K [0x0000000080000000, 0x0000000100000000)
  region size 1024K, 10 young (10240K), 10 survivors (10240K)
 Metaspace       used 105396K, capacity 107950K, committed 108160K, reserved 1142784K
  class space    used 13407K, capacity 14349K, committed 14464K, reserved 1048576K
}
Event: 23.721 GC heap before
{Heap before GC invocations=39 (full 0):
 garbage-first heap   total 328704K, used 264595K [0x0000000080000000, 0x0000000100000000)
  region size 1024K, 132 young (135168K), 10 survivors (10240K)
 Metaspace       used 105864K, capacity 108410K, committed 108672K, reserved 1142784K
  class space    used 13409K, capacity 14349K, committed 14464K, reserved 1048576K
}

